<?xml version="1.0" encoding="UTF-8"?>
<robot generator="Robot 4.1.3 (Python 3.8.0 on win32)" generated="20220322 16:41:11.293" rpa="false" schemaversion="2">
<suite id="s1" name="Test" source="C:\Users\user\Desktop\flightApp_Appium_Test\test.robot">
<test id="s1-t1" name="4. User Success to Book a Flight">
<kw name="User Success to Login" library="keywords" type="SETUP">
<kw name="Open Flight App Application" library="keywords">
<kw name="Open Application" library="AppiumLibrary">
<arg>${REMOTE_URL}</arg>
<arg>platformName=${PLATFORM_NAME}</arg>
<arg>platformVersion=${PLATFORM_VERSION}</arg>
<arg>deviceName=${DEVICE_NAME}</arg>
<arg>appPackage=${APP_PACKAGE}</arg>
<arg>appActivity=${APP_ACTIVITY}</arg>
<doc>Opens a new application to given Appium server.
Capabilities of appium server, Android and iOS,
Please check https://github.com/appium/appium/blob/master/docs/en/writing-running-appium/server-args.md
| *Option*            | *Man.* | *Description*     |
| remote_url          | Yes    | Appium server url |
| alias               | no     | alias             |</doc>
<status status="PASS" starttime="20220322 16:41:11.780" endtime="20220322 16:41:32.332"/>
</kw>
<status status="PASS" starttime="20220322 16:41:11.779" endtime="20220322 16:41:32.333"/>
</kw>
<kw name="Wait Until Page Contains Element" library="AppiumLibrary">
<arg>id=com.example.myapplication:id/login</arg>
<arg>60 seconds</arg>
<doc>Waits until element specified with `locator` appears on current page.</doc>
<status status="PASS" starttime="20220322 16:41:32.333" endtime="20220322 16:41:33.224"/>
</kw>
<kw name="Click Element" library="AppiumLibrary">
<arg>id=com.example.myapplication:id/login</arg>
<doc>Click element identified by `locator`.</doc>
<msg timestamp="20220322 16:41:33.231" level="INFO">Clicking element 'id=com.example.myapplication:id/login'.</msg>
<status status="PASS" starttime="20220322 16:41:33.224" endtime="20220322 16:41:33.425"/>
</kw>
<kw name="Wait Until Page Contains Element" library="AppiumLibrary">
<arg>id=com.example.myapplication:id/username</arg>
<arg>60 seconds</arg>
<doc>Waits until element specified with `locator` appears on current page.</doc>
<status status="PASS" starttime="20220322 16:41:33.425" endtime="20220322 16:41:35.812"/>
</kw>
<kw name="Input Text" library="AppiumLibrary">
<arg>id=com.example.myapplication:id/username</arg>
<arg>support@ngendigital.com</arg>
<doc>Types the given `text` into text field identified by `locator`.</doc>
<msg timestamp="20220322 16:41:35.820" level="INFO">Typing text 'support@ngendigital.com' into text field 'id=com.example.myapplication:id/username'</msg>
<status status="PASS" starttime="20220322 16:41:35.813" endtime="20220322 16:41:36.800"/>
</kw>
<kw name="Wait Until Page Contains Element" library="AppiumLibrary">
<arg>id=com.example.myapplication:id/password</arg>
<arg>60 seconds</arg>
<doc>Waits until element specified with `locator` appears on current page.</doc>
<status status="PASS" starttime="20220322 16:41:36.801" endtime="20220322 16:41:37.374"/>
</kw>
<kw name="Input Text" library="AppiumLibrary">
<arg>id=com.example.myapplication:id/password</arg>
<arg>abc123</arg>
<doc>Types the given `text` into text field identified by `locator`.</doc>
<msg timestamp="20220322 16:41:37.383" level="INFO">Typing text 'abc123' into text field 'id=com.example.myapplication:id/password'</msg>
<status status="PASS" starttime="20220322 16:41:37.374" endtime="20220322 16:41:37.536"/>
</kw>
<kw name="Wait Until Page Contains Element" library="AppiumLibrary">
<arg>id=com.example.myapplication:id/signIn</arg>
<arg>60 seconds</arg>
<doc>Waits until element specified with `locator` appears on current page.</doc>
<status status="PASS" starttime="20220322 16:41:37.536" endtime="20220322 16:41:38.070"/>
</kw>
<kw name="Click Element" library="AppiumLibrary">
<arg>id=com.example.myapplication:id/signIn</arg>
<doc>Click element identified by `locator`.</doc>
<msg timestamp="20220322 16:41:38.074" level="INFO">Clicking element 'id=com.example.myapplication:id/signIn'.</msg>
<status status="PASS" starttime="20220322 16:41:38.070" endtime="20220322 16:41:38.211"/>
</kw>
<kw name="Wait Until Page Contains Element" library="AppiumLibrary">
<arg>id=com.example.myapplication:id/textView</arg>
<doc>Waits until element specified with `locator` appears on current page.</doc>
<status status="PASS" starttime="20220322 16:41:38.212" endtime="20220322 16:41:39.301"/>
</kw>
<status status="PASS" starttime="20220322 16:41:11.779" endtime="20220322 16:41:39.302"/>
</kw>
<kw name="Go To Book Page" library="keywords">
<kw name="Wait Until Page Contains Element" library="AppiumLibrary">
<arg>id=com.example.myapplication:id/book</arg>
<arg>60 seconds</arg>
<doc>Waits until element specified with `locator` appears on current page.</doc>
<status status="PASS" starttime="20220322 16:41:39.304" endtime="20220322 16:41:39.384"/>
</kw>
<kw name="Click Element" library="AppiumLibrary">
<arg>id=com.example.myapplication:id/book</arg>
<doc>Click element identified by `locator`.</doc>
<msg timestamp="20220322 16:41:39.392" level="INFO">Clicking element 'id=com.example.myapplication:id/book'.</msg>
<status status="PASS" starttime="20220322 16:41:39.385" endtime="20220322 16:41:40.190"/>
</kw>
<status status="PASS" starttime="20220322 16:41:39.303" endtime="20220322 16:41:40.191"/>
</kw>
<kw name="Choose Flight Type" library="keywords">
<arg>flig_type=Round Trip</arg>
<kw name="Wait Until Page Contains Element" library="AppiumLibrary">
<arg>xpath=//android.support.v7.app.ActionBar.Tab[@content-desc="${flig_type}"]</arg>
<arg>60 seconds</arg>
<doc>Waits until element specified with `locator` appears on current page.</doc>
<status status="PASS" starttime="20220322 16:41:40.193" endtime="20220322 16:41:43.792"/>
</kw>
<kw name="Click Element" library="AppiumLibrary">
<arg>xpath=//android.support.v7.app.ActionBar.Tab[@content-desc="${flig_type}"]</arg>
<doc>Click element identified by `locator`.</doc>
<msg timestamp="20220322 16:41:43.796" level="INFO">Clicking element 'xpath=//android.support.v7.app.ActionBar.Tab[@content-desc="Round Trip"]'.</msg>
<status status="PASS" starttime="20220322 16:41:43.792" endtime="20220322 16:41:44.234"/>
</kw>
<status status="PASS" starttime="20220322 16:41:40.192" endtime="20220322 16:41:44.234"/>
</kw>
<kw name="Choose Departure City" library="keywords">
<arg>dept_city=Chicago</arg>
<kw name="Wait Until Page Contains Element" library="AppiumLibrary">
<arg>id=com.example.myapplication:id/spinnerFrom</arg>
<arg>60 seconds</arg>
<doc>Waits until element specified with `locator` appears on current page.</doc>
<status status="PASS" starttime="20220322 16:41:44.237" endtime="20220322 16:41:44.575"/>
</kw>
<kw name="Click Element" library="AppiumLibrary">
<arg>id=com.example.myapplication:id/spinnerFrom</arg>
<doc>Click element identified by `locator`.</doc>
<msg timestamp="20220322 16:41:44.584" level="INFO">Clicking element 'id=com.example.myapplication:id/spinnerFrom'.</msg>
<status status="PASS" starttime="20220322 16:41:44.576" endtime="20220322 16:41:45.018"/>
</kw>
<kw name="Wait Until Page Contains" library="AppiumLibrary">
<arg>${dept_city}</arg>
<arg>60 seconds</arg>
<doc>Waits until `text` appears on current page.</doc>
<status status="PASS" starttime="20220322 16:41:45.018" endtime="20220322 16:41:46.279"/>
</kw>
<kw name="Click Text" library="AppiumLibrary">
<arg>${dept_city}</arg>
<doc>Click text identified by ``text``.</doc>
<status status="PASS" starttime="20220322 16:41:46.280" endtime="20220322 16:41:47.410"/>
</kw>
<status status="PASS" starttime="20220322 16:41:44.235" endtime="20220322 16:41:47.411"/>
</kw>
<kw name="Choose Destination City" library="keywords">
<arg>dest_city=Paris</arg>
<kw name="Wait Until Page Contains Element" library="AppiumLibrary">
<arg>id=com.example.myapplication:id/spinnerTo</arg>
<arg>60 seconds</arg>
<doc>Waits until element specified with `locator` appears on current page.</doc>
<status status="PASS" starttime="20220322 16:41:47.412" endtime="20220322 16:41:47.494"/>
</kw>
<kw name="Click Element" library="AppiumLibrary">
<arg>id=com.example.myapplication:id/spinnerTo</arg>
<doc>Click element identified by `locator`.</doc>
<msg timestamp="20220322 16:41:47.501" level="INFO">Clicking element 'id=com.example.myapplication:id/spinnerTo'.</msg>
<status status="PASS" starttime="20220322 16:41:47.494" endtime="20220322 16:41:47.622"/>
</kw>
<kw name="Wait Until Page Contains" library="AppiumLibrary">
<arg>${dest_city}</arg>
<arg>60 seconds</arg>
<doc>Waits until `text` appears on current page.</doc>
<status status="PASS" starttime="20220322 16:41:47.622" endtime="20220322 16:41:48.758"/>
</kw>
<kw name="Click Text" library="AppiumLibrary">
<arg>${dest_city}</arg>
<doc>Click text identified by ``text``.</doc>
<status status="PASS" starttime="20220322 16:41:48.758" endtime="20220322 16:41:49.775"/>
</kw>
<status status="PASS" starttime="20220322 16:41:47.411" endtime="20220322 16:41:49.775"/>
</kw>
<kw name="Choose Flight Class" library="keywords">
<arg>flig_class=Business</arg>
<kw name="Wait Until Page Contains Element" library="AppiumLibrary">
<arg>id=com.example.myapplication:id/spinnerClass</arg>
<arg>60 seconds</arg>
<doc>Waits until element specified with `locator` appears on current page.</doc>
<status status="PASS" starttime="20220322 16:41:49.776" endtime="20220322 16:41:49.844"/>
</kw>
<kw name="Click Element" library="AppiumLibrary">
<arg>id=com.example.myapplication:id/spinnerClass</arg>
<doc>Click element identified by `locator`.</doc>
<msg timestamp="20220322 16:41:49.849" level="INFO">Clicking element 'id=com.example.myapplication:id/spinnerClass'.</msg>
<status status="PASS" starttime="20220322 16:41:49.845" endtime="20220322 16:41:49.965"/>
</kw>
<kw name="Wait Until Page Contains" library="AppiumLibrary">
<arg>${flig_class}</arg>
<arg>60 seconds</arg>
<doc>Waits until `text` appears on current page.</doc>
<status status="PASS" starttime="20220322 16:41:49.965" endtime="20220322 16:41:51.027"/>
</kw>
<kw name="Click Text" library="AppiumLibrary">
<arg>${flig_class}</arg>
<doc>Click text identified by ``text``.</doc>
<status status="PASS" starttime="20220322 16:41:51.027" endtime="20220322 16:41:52.181"/>
</kw>
<status status="PASS" starttime="20220322 16:41:49.776" endtime="20220322 16:41:52.182"/>
</kw>
<kw name="Choose Start Date" library="keywords">
<arg>sta_date=21</arg>
<kw name="Wait Until Page Contains Element" library="AppiumLibrary">
<arg>id=com.example.myapplication:id/textStartDate</arg>
<arg>60 seconds</arg>
<doc>Waits until element specified with `locator` appears on current page.</doc>
<status status="PASS" starttime="20220322 16:41:52.184" endtime="20220322 16:41:52.254"/>
</kw>
<kw name="Click Element" library="AppiumLibrary">
<arg>id=com.example.myapplication:id/textStartDate</arg>
<doc>Click element identified by `locator`.</doc>
<msg timestamp="20220322 16:41:52.261" level="INFO">Clicking element 'id=com.example.myapplication:id/textStartDate'.</msg>
<status status="PASS" starttime="20220322 16:41:52.254" endtime="20220322 16:41:52.381"/>
</kw>
<kw name="Wait Until Page Contains" library="AppiumLibrary">
<arg>"${sta_date}"</arg>
<arg>60 seconds</arg>
<doc>Waits until `text` appears on current page.</doc>
<status status="PASS" starttime="20220322 16:41:52.381" endtime="20220322 16:41:54.683"/>
</kw>
<kw name="Click Text" library="AppiumLibrary">
<arg>${sta_date}</arg>
<doc>Click text identified by ``text``.</doc>
<status status="PASS" starttime="20220322 16:41:54.683" endtime="20220322 16:41:56.015"/>
</kw>
<kw name="Wait Until Page Contains Element" library="AppiumLibrary">
<arg>id=android:id/button1</arg>
<doc>Waits until element specified with `locator` appears on current page.</doc>
<status status="PASS" starttime="20220322 16:41:56.015" endtime="20220322 16:41:56.148"/>
</kw>
<kw name="Click Text" library="AppiumLibrary">
<arg>OK</arg>
<doc>Click text identified by ``text``.</doc>
<status status="PASS" starttime="20220322 16:41:56.148" endtime="20220322 16:41:56.653"/>
</kw>
<status status="PASS" starttime="20220322 16:41:52.182" endtime="20220322 16:41:56.653"/>
</kw>
<kw name="Choose End Date" library="keywords">
<arg>end_date=24</arg>
<kw name="Wait Until Page Contains Element" library="AppiumLibrary">
<arg>id=com.example.myapplication:id/textStartDate</arg>
<arg>60 seconds</arg>
<doc>Waits until element specified with `locator` appears on current page.</doc>
<status status="PASS" starttime="20220322 16:41:56.658" endtime="20220322 16:41:57.001"/>
</kw>
<kw name="Click Element" library="AppiumLibrary">
<arg>id=com.example.myapplication:id/textStartDate</arg>
<doc>Click element identified by `locator`.</doc>
<msg timestamp="20220322 16:41:57.011" level="INFO">Clicking element 'id=com.example.myapplication:id/textStartDate'.</msg>
<status status="PASS" starttime="20220322 16:41:57.001" endtime="20220322 16:41:57.377"/>
</kw>
<kw name="Wait Until Page Contains" library="AppiumLibrary">
<arg>"${end_date}"</arg>
<arg>60 seconds</arg>
<doc>Waits until `text` appears on current page.</doc>
<status status="PASS" starttime="20220322 16:41:57.378" endtime="20220322 16:41:58.673"/>
</kw>
<kw name="Click Text" library="AppiumLibrary">
<arg>${end_date}</arg>
<doc>Click text identified by ``text``.</doc>
<status status="PASS" starttime="20220322 16:41:58.674" endtime="20220322 16:42:00.015"/>
</kw>
<kw name="Wait Until Page Contains Element" library="AppiumLibrary">
<arg>id=android:id/button1</arg>
<doc>Waits until element specified with `locator` appears on current page.</doc>
<status status="PASS" starttime="20220322 16:42:00.015" endtime="20220322 16:42:00.202"/>
</kw>
<kw name="Click Text" library="AppiumLibrary">
<arg>OK</arg>
<doc>Click text identified by ``text``.</doc>
<status status="PASS" starttime="20220322 16:42:00.203" endtime="20220322 16:42:00.653"/>
</kw>
<status status="PASS" starttime="20220322 16:41:56.654" endtime="20220322 16:42:00.653"/>
</kw>
<kw name="Choose Flight Package 1" library="keywords">
<kw name="Wait Until Page Contains Element" library="AppiumLibrary">
<arg>id=com.example.myapplication:id/radioButtonFlight</arg>
<arg>60 seconds</arg>
<doc>Waits until element specified with `locator` appears on current page.</doc>
<status status="PASS" starttime="20220322 16:42:00.655" endtime="20220322 16:42:00.818"/>
</kw>
<kw name="Click Element" library="AppiumLibrary">
<arg>id=com.example.myapplication:id/radioButtonFlight</arg>
<doc>Click element identified by `locator`.</doc>
<msg timestamp="20220322 16:42:00.828" level="INFO">Clicking element 'id=com.example.myapplication:id/radioButtonFlight'.</msg>
<status status="PASS" starttime="20220322 16:42:00.819" endtime="20220322 16:42:01.521"/>
</kw>
<status status="PASS" starttime="20220322 16:42:00.654" endtime="20220322 16:42:01.521"/>
</kw>
<kw name="Choose Day Package" library="keywords">
<kw name="Wait Until Page Contains Element" library="AppiumLibrary">
<arg>id=com.example.myapplication:id/checkBoxDay</arg>
<arg>60 seconds</arg>
<doc>Waits until element specified with `locator` appears on current page.</doc>
<status status="PASS" starttime="20220322 16:42:01.523" endtime="20220322 16:42:01.660"/>
</kw>
<kw name="Click Element" library="AppiumLibrary">
<arg>id=com.example.myapplication:id/checkBoxDay</arg>
<doc>Click element identified by `locator`.</doc>
<msg timestamp="20220322 16:42:01.666" level="INFO">Clicking element 'id=com.example.myapplication:id/checkBoxDay'.</msg>
<status status="PASS" starttime="20220322 16:42:01.660" endtime="20220322 16:42:02.161"/>
</kw>
<status status="PASS" starttime="20220322 16:42:01.522" endtime="20220322 16:42:02.162"/>
</kw>
<kw name="Tap Book Order" library="keywords">
<kw name="Wait Until Page Contains Element" library="AppiumLibrary">
<arg>id=com.example.myapplication:id/book_flight</arg>
<arg>60 seconds</arg>
<doc>Waits until element specified with `locator` appears on current page.</doc>
<status status="PASS" starttime="20220322 16:42:02.165" endtime="20220322 16:42:02.245"/>
</kw>
<kw name="Click Element" library="AppiumLibrary">
<arg>id=com.example.myapplication:id/book_flight</arg>
<doc>Click element identified by `locator`.</doc>
<msg timestamp="20220322 16:42:02.253" level="INFO">Clicking element 'id=com.example.myapplication:id/book_flight'.</msg>
<status status="PASS" starttime="20220322 16:42:02.245" endtime="20220322 16:42:02.839"/>
</kw>
<status status="PASS" starttime="20220322 16:42:02.164" endtime="20220322 16:42:02.840"/>
</kw>
<kw name="Choose Price" library="keywords">
<arg>idx_price=1</arg>
<kw name="Wait Until Page Contains Element" library="AppiumLibrary">
<arg>id=com.example.myapplication:id/price${idx_price}</arg>
<arg>60 seconds</arg>
<doc>Waits until element specified with `locator` appears on current page.</doc>
<status status="PASS" starttime="20220322 16:42:02.843" endtime="20220322 16:42:04.788"/>
</kw>
<kw name="Click Element" library="AppiumLibrary">
<arg>id=com.example.myapplication:id/price${idx_price}</arg>
<doc>Click element identified by `locator`.</doc>
<msg timestamp="20220322 16:42:04.794" level="INFO">Clicking element 'id=com.example.myapplication:id/price1'.</msg>
<status status="PASS" starttime="20220322 16:42:04.788" endtime="20220322 16:42:04.894"/>
</kw>
<status status="PASS" starttime="20220322 16:42:02.841" endtime="20220322 16:42:04.894"/>
</kw>
<kw name="Tap Confirm Order" library="keywords">
<kw name="Wait Until Page Contains Element" library="AppiumLibrary">
<arg>id=com.example.myapplication:id/confirm_order</arg>
<arg>60 seconds</arg>
<doc>Waits until element specified with `locator` appears on current page.</doc>
<status status="PASS" starttime="20220322 16:42:04.897" endtime="20220322 16:42:05.101"/>
</kw>
<kw name="Click Element" library="AppiumLibrary">
<arg>id=com.example.myapplication:id/confirm_order</arg>
<doc>Click element identified by `locator`.</doc>
<msg timestamp="20220322 16:42:05.109" level="INFO">Clicking element 'id=com.example.myapplication:id/confirm_order'.</msg>
<status status="PASS" starttime="20220322 16:42:05.101" endtime="20220322 16:42:05.702"/>
</kw>
<status status="PASS" starttime="20220322 16:42:04.896" endtime="20220322 16:42:05.703"/>
</kw>
<kw name="Verify Book Flight Success" library="keywords">
<kw name="Wait Until Page Contains Element" library="AppiumLibrary">
<arg>id=com.example.myapplication:id/checkedTextView</arg>
<arg>60 seconds</arg>
<doc>Waits until element specified with `locator` appears on current page.</doc>
<status status="PASS" starttime="20220322 16:42:05.705" endtime="20220322 16:42:06.994"/>
</kw>
<status status="PASS" starttime="20220322 16:42:05.704" endtime="20220322 16:42:06.994"/>
</kw>
<kw name="Close Application" library="AppiumLibrary" type="TEARDOWN">
<doc>Closes the current application and also close webdriver session.</doc>
<status status="PASS" starttime="20220322 16:42:06.995" endtime="20220322 16:42:07.591"/>
</kw>
<status status="PASS" starttime="20220322 16:41:11.778" endtime="20220322 16:42:07.591"/>
</test>
<test id="s1-t2" name="3. User Success to Login">
<kw name="Open Flight App Application" library="keywords" type="SETUP">
<kw name="Open Application" library="AppiumLibrary">
<arg>${REMOTE_URL}</arg>
<arg>platformName=${PLATFORM_NAME}</arg>
<arg>platformVersion=${PLATFORM_VERSION}</arg>
<arg>deviceName=${DEVICE_NAME}</arg>
<arg>appPackage=${APP_PACKAGE}</arg>
<arg>appActivity=${APP_ACTIVITY}</arg>
<doc>Opens a new application to given Appium server.
Capabilities of appium server, Android and iOS,
Please check https://github.com/appium/appium/blob/master/docs/en/writing-running-appium/server-args.md
| *Option*            | *Man.* | *Description*     |
| remote_url          | Yes    | Appium server url |
| alias               | no     | alias             |</doc>
<status status="PASS" starttime="20220322 16:42:07.595" endtime="20220322 16:42:25.912"/>
</kw>
<status status="PASS" starttime="20220322 16:42:07.594" endtime="20220322 16:42:25.913"/>
</kw>
<kw name="Open Flight App Application" library="keywords">
<kw name="Open Application" library="AppiumLibrary">
<arg>${REMOTE_URL}</arg>
<arg>platformName=${PLATFORM_NAME}</arg>
<arg>platformVersion=${PLATFORM_VERSION}</arg>
<arg>deviceName=${DEVICE_NAME}</arg>
<arg>appPackage=${APP_PACKAGE}</arg>
<arg>appActivity=${APP_ACTIVITY}</arg>
<doc>Opens a new application to given Appium server.
Capabilities of appium server, Android and iOS,
Please check https://github.com/appium/appium/blob/master/docs/en/writing-running-appium/server-args.md
| *Option*            | *Man.* | *Description*     |
| remote_url          | Yes    | Appium server url |
| alias               | no     | alias             |</doc>
<status status="PASS" starttime="20220322 16:42:25.915" endtime="20220322 16:42:46.525"/>
</kw>
<status status="PASS" starttime="20220322 16:42:25.914" endtime="20220322 16:42:46.525"/>
</kw>
<kw name="Tap Sign In" library="keywords">
<kw name="Wait Until Page Contains Element" library="AppiumLibrary">
<arg>id=com.example.myapplication:id/login</arg>
<doc>Waits until element specified with `locator` appears on current page.</doc>
<status status="PASS" starttime="20220322 16:42:46.527" endtime="20220322 16:42:47.439"/>
</kw>
<kw name="Click Element" library="AppiumLibrary">
<arg>id=com.example.myapplication:id/login</arg>
<doc>Click element identified by `locator`.</doc>
<msg timestamp="20220322 16:42:47.446" level="INFO">Clicking element 'id=com.example.myapplication:id/login'.</msg>
<status status="PASS" starttime="20220322 16:42:47.440" endtime="20220322 16:42:47.671"/>
</kw>
<status status="PASS" starttime="20220322 16:42:46.526" endtime="20220322 16:42:47.671"/>
</kw>
<kw name="Input Valid Username" library="keywords">
<kw name="Wait Until Page Contains Element" library="AppiumLibrary">
<arg>id=com.example.myapplication:id/username</arg>
<doc>Waits until element specified with `locator` appears on current page.</doc>
<status status="PASS" starttime="20220322 16:42:47.674" endtime="20220322 16:42:50.042"/>
</kw>
<kw name="Input Text" library="AppiumLibrary">
<arg>id=com.example.myapplication:id/username</arg>
<arg>support@ngendigital.com</arg>
<doc>Types the given `text` into text field identified by `locator`.</doc>
<msg timestamp="20220322 16:42:50.049" level="INFO">Typing text 'support@ngendigital.com' into text field 'id=com.example.myapplication:id/username'</msg>
<status status="PASS" starttime="20220322 16:42:50.042" endtime="20220322 16:42:50.967"/>
</kw>
<status status="PASS" starttime="20220322 16:42:47.672" endtime="20220322 16:42:50.967"/>
</kw>
<kw name="Input Valid Password" library="keywords">
<kw name="Wait Until Page Contains Element" library="AppiumLibrary">
<arg>id=com.example.myapplication:id/password</arg>
<doc>Waits until element specified with `locator` appears on current page.</doc>
<status status="PASS" starttime="20220322 16:42:50.969" endtime="20220322 16:42:51.531"/>
</kw>
<kw name="Input Text" library="AppiumLibrary">
<arg>id=com.example.myapplication:id/password</arg>
<arg>abc123</arg>
<doc>Types the given `text` into text field identified by `locator`.</doc>
<msg timestamp="20220322 16:42:51.537" level="INFO">Typing text 'abc123' into text field 'id=com.example.myapplication:id/password'</msg>
<status status="PASS" starttime="20220322 16:42:51.532" endtime="20220322 16:42:51.712"/>
</kw>
<status status="PASS" starttime="20220322 16:42:50.968" endtime="20220322 16:42:51.712"/>
</kw>
<kw name="Tap Submit Username &amp; Password" library="keywords">
<kw name="Wait Until Page Contains Element" library="AppiumLibrary">
<arg>id=com.example.myapplication:id/signIn</arg>
<doc>Waits until element specified with `locator` appears on current page.</doc>
<status status="PASS" starttime="20220322 16:42:51.715" endtime="20220322 16:42:52.246"/>
</kw>
<kw name="Click Element" library="AppiumLibrary">
<arg>id=com.example.myapplication:id/signIn</arg>
<doc>Click element identified by `locator`.</doc>
<msg timestamp="20220322 16:42:52.254" level="INFO">Clicking element 'id=com.example.myapplication:id/signIn'.</msg>
<status status="PASS" starttime="20220322 16:42:52.246" endtime="20220322 16:42:52.392"/>
</kw>
<status status="PASS" starttime="20220322 16:42:51.714" endtime="20220322 16:42:52.393"/>
</kw>
<kw name="Verify Login Success" library="keywords">
<kw name="Wait Until Page Contains Element" library="AppiumLibrary">
<arg>id=com.example.myapplication:id/textView</arg>
<doc>Waits until element specified with `locator` appears on current page.</doc>
<status status="PASS" starttime="20220322 16:42:52.395" endtime="20220322 16:42:53.433"/>
</kw>
<status status="PASS" starttime="20220322 16:42:52.394" endtime="20220322 16:42:53.433"/>
</kw>
<kw name="Close Application" library="AppiumLibrary" type="TEARDOWN">
<doc>Closes the current application and also close webdriver session.</doc>
<status status="PASS" starttime="20220322 16:42:53.434" endtime="20220322 16:42:54.329"/>
</kw>
<status status="PASS" starttime="20220322 16:42:07.593" endtime="20220322 16:42:54.331"/>
</test>
<test id="s1-t3" name="2. User Failed to Login">
<kw name="Open Flight App Application" library="keywords" type="SETUP">
<kw name="Open Application" library="AppiumLibrary">
<arg>${REMOTE_URL}</arg>
<arg>platformName=${PLATFORM_NAME}</arg>
<arg>platformVersion=${PLATFORM_VERSION}</arg>
<arg>deviceName=${DEVICE_NAME}</arg>
<arg>appPackage=${APP_PACKAGE}</arg>
<arg>appActivity=${APP_ACTIVITY}</arg>
<doc>Opens a new application to given Appium server.
Capabilities of appium server, Android and iOS,
Please check https://github.com/appium/appium/blob/master/docs/en/writing-running-appium/server-args.md
| *Option*            | *Man.* | *Description*     |
| remote_url          | Yes    | Appium server url |
| alias               | no     | alias             |</doc>
<status status="PASS" starttime="20220322 16:42:54.335" endtime="20220322 16:43:13.168"/>
</kw>
<status status="PASS" starttime="20220322 16:42:54.334" endtime="20220322 16:43:13.169"/>
</kw>
<kw name="Open Flight App Application" library="keywords">
<kw name="Open Application" library="AppiumLibrary">
<arg>${REMOTE_URL}</arg>
<arg>platformName=${PLATFORM_NAME}</arg>
<arg>platformVersion=${PLATFORM_VERSION}</arg>
<arg>deviceName=${DEVICE_NAME}</arg>
<arg>appPackage=${APP_PACKAGE}</arg>
<arg>appActivity=${APP_ACTIVITY}</arg>
<doc>Opens a new application to given Appium server.
Capabilities of appium server, Android and iOS,
Please check https://github.com/appium/appium/blob/master/docs/en/writing-running-appium/server-args.md
| *Option*            | *Man.* | *Description*     |
| remote_url          | Yes    | Appium server url |
| alias               | no     | alias             |</doc>
<status status="PASS" starttime="20220322 16:43:13.172" endtime="20220322 16:43:33.761"/>
</kw>
<status status="PASS" starttime="20220322 16:43:13.170" endtime="20220322 16:43:33.762"/>
</kw>
<kw name="Tap Sign In" library="keywords">
<kw name="Wait Until Page Contains Element" library="AppiumLibrary">
<arg>id=com.example.myapplication:id/login</arg>
<doc>Waits until element specified with `locator` appears on current page.</doc>
<status status="PASS" starttime="20220322 16:43:33.764" endtime="20220322 16:43:34.564"/>
</kw>
<kw name="Click Element" library="AppiumLibrary">
<arg>id=com.example.myapplication:id/login</arg>
<doc>Click element identified by `locator`.</doc>
<msg timestamp="20220322 16:43:34.567" level="INFO">Clicking element 'id=com.example.myapplication:id/login'.</msg>
<status status="PASS" starttime="20220322 16:43:34.564" endtime="20220322 16:43:34.860"/>
</kw>
<status status="PASS" starttime="20220322 16:43:33.763" endtime="20220322 16:43:34.860"/>
</kw>
<kw name="Input Wrong Username" library="keywords">
<kw name="Wait Until Page Contains Element" library="AppiumLibrary">
<arg>id=com.example.myapplication:id/username</arg>
<doc>Waits until element specified with `locator` appears on current page.</doc>
<status status="PASS" starttime="20220322 16:43:34.863" endtime="20220322 16:43:37.019"/>
</kw>
<kw name="Input Text" library="AppiumLibrary">
<arg>id=com.example.myapplication:id/username</arg>
<arg>support1@ngendigital.com</arg>
<doc>Types the given `text` into text field identified by `locator`.</doc>
<msg timestamp="20220322 16:43:37.025" level="INFO">Typing text 'support1@ngendigital.com' into text field 'id=com.example.myapplication:id/username'</msg>
<status status="PASS" starttime="20220322 16:43:37.019" endtime="20220322 16:43:37.998"/>
</kw>
<status status="PASS" starttime="20220322 16:43:34.862" endtime="20220322 16:43:37.998"/>
</kw>
<kw name="Input Valid Password" library="keywords">
<kw name="Wait Until Page Contains Element" library="AppiumLibrary">
<arg>id=com.example.myapplication:id/password</arg>
<doc>Waits until element specified with `locator` appears on current page.</doc>
<status status="PASS" starttime="20220322 16:43:38.000" endtime="20220322 16:43:38.554"/>
</kw>
<kw name="Input Text" library="AppiumLibrary">
<arg>id=com.example.myapplication:id/password</arg>
<arg>abc123</arg>
<doc>Types the given `text` into text field identified by `locator`.</doc>
<msg timestamp="20220322 16:43:38.559" level="INFO">Typing text 'abc123' into text field 'id=com.example.myapplication:id/password'</msg>
<status status="PASS" starttime="20220322 16:43:38.554" endtime="20220322 16:43:38.692"/>
</kw>
<status status="PASS" starttime="20220322 16:43:37.999" endtime="20220322 16:43:38.692"/>
</kw>
<kw name="Tap Submit Username &amp; Password" library="keywords">
<kw name="Wait Until Page Contains Element" library="AppiumLibrary">
<arg>id=com.example.myapplication:id/signIn</arg>
<doc>Waits until element specified with `locator` appears on current page.</doc>
<status status="PASS" starttime="20220322 16:43:38.695" endtime="20220322 16:43:39.235"/>
</kw>
<kw name="Click Element" library="AppiumLibrary">
<arg>id=com.example.myapplication:id/signIn</arg>
<doc>Click element identified by `locator`.</doc>
<msg timestamp="20220322 16:43:39.239" level="INFO">Clicking element 'id=com.example.myapplication:id/signIn'.</msg>
<status status="PASS" starttime="20220322 16:43:39.235" endtime="20220322 16:43:39.382"/>
</kw>
<status status="PASS" starttime="20220322 16:43:38.693" endtime="20220322 16:43:39.382"/>
</kw>
<kw name="Verify Login Failed Message" library="keywords">
<kw name="Wait Until Page Contains" library="AppiumLibrary">
<arg>Invalid username/password</arg>
<doc>Waits until `text` appears on current page.</doc>
<status status="PASS" starttime="20220322 16:43:39.385" endtime="20220322 16:43:39.936"/>
</kw>
<status status="PASS" starttime="20220322 16:43:39.383" endtime="20220322 16:43:39.937"/>
</kw>
<kw name="Close Application" library="AppiumLibrary" type="TEARDOWN">
<doc>Closes the current application and also close webdriver session.</doc>
<status status="PASS" starttime="20220322 16:43:39.938" endtime="20220322 16:43:40.552"/>
</kw>
<status status="PASS" starttime="20220322 16:42:54.332" endtime="20220322 16:43:40.554"/>
</test>
<test id="s1-t4" name="5. User Failed to Search Flight">
<kw name="User Success to Login" library="keywords" type="SETUP">
<kw name="Open Flight App Application" library="keywords">
<kw name="Open Application" library="AppiumLibrary">
<arg>${REMOTE_URL}</arg>
<arg>platformName=${PLATFORM_NAME}</arg>
<arg>platformVersion=${PLATFORM_VERSION}</arg>
<arg>deviceName=${DEVICE_NAME}</arg>
<arg>appPackage=${APP_PACKAGE}</arg>
<arg>appActivity=${APP_ACTIVITY}</arg>
<doc>Opens a new application to given Appium server.
Capabilities of appium server, Android and iOS,
Please check https://github.com/appium/appium/blob/master/docs/en/writing-running-appium/server-args.md
| *Option*            | *Man.* | *Description*     |
| remote_url          | Yes    | Appium server url |
| alias               | no     | alias             |</doc>
<status status="PASS" starttime="20220322 16:43:40.560" endtime="20220322 16:43:58.788"/>
</kw>
<status status="PASS" starttime="20220322 16:43:40.558" endtime="20220322 16:43:58.788"/>
</kw>
<kw name="Wait Until Page Contains Element" library="AppiumLibrary">
<arg>id=com.example.myapplication:id/login</arg>
<arg>60 seconds</arg>
<doc>Waits until element specified with `locator` appears on current page.</doc>
<status status="PASS" starttime="20220322 16:43:58.789" endtime="20220322 16:43:59.748"/>
</kw>
<kw name="Click Element" library="AppiumLibrary">
<arg>id=com.example.myapplication:id/login</arg>
<doc>Click element identified by `locator`.</doc>
<msg timestamp="20220322 16:43:59.751" level="INFO">Clicking element 'id=com.example.myapplication:id/login'.</msg>
<status status="PASS" starttime="20220322 16:43:59.748" endtime="20220322 16:43:59.954"/>
</kw>
<kw name="Wait Until Page Contains Element" library="AppiumLibrary">
<arg>id=com.example.myapplication:id/username</arg>
<arg>60 seconds</arg>
<doc>Waits until element specified with `locator` appears on current page.</doc>
<status status="PASS" starttime="20220322 16:43:59.954" endtime="20220322 16:44:02.407"/>
</kw>
<kw name="Input Text" library="AppiumLibrary">
<arg>id=com.example.myapplication:id/username</arg>
<arg>support@ngendigital.com</arg>
<doc>Types the given `text` into text field identified by `locator`.</doc>
<msg timestamp="20220322 16:44:02.414" level="INFO">Typing text 'support@ngendigital.com' into text field 'id=com.example.myapplication:id/username'</msg>
<status status="PASS" starttime="20220322 16:44:02.408" endtime="20220322 16:44:03.364"/>
</kw>
<kw name="Wait Until Page Contains Element" library="AppiumLibrary">
<arg>id=com.example.myapplication:id/password</arg>
<arg>60 seconds</arg>
<doc>Waits until element specified with `locator` appears on current page.</doc>
<status status="PASS" starttime="20220322 16:44:03.364" endtime="20220322 16:44:03.922"/>
</kw>
<kw name="Input Text" library="AppiumLibrary">
<arg>id=com.example.myapplication:id/password</arg>
<arg>abc123</arg>
<doc>Types the given `text` into text field identified by `locator`.</doc>
<msg timestamp="20220322 16:44:03.929" level="INFO">Typing text 'abc123' into text field 'id=com.example.myapplication:id/password'</msg>
<status status="PASS" starttime="20220322 16:44:03.923" endtime="20220322 16:44:04.084"/>
</kw>
<kw name="Wait Until Page Contains Element" library="AppiumLibrary">
<arg>id=com.example.myapplication:id/signIn</arg>
<arg>60 seconds</arg>
<doc>Waits until element specified with `locator` appears on current page.</doc>
<status status="PASS" starttime="20220322 16:44:04.084" endtime="20220322 16:44:04.616"/>
</kw>
<kw name="Click Element" library="AppiumLibrary">
<arg>id=com.example.myapplication:id/signIn</arg>
<doc>Click element identified by `locator`.</doc>
<msg timestamp="20220322 16:44:04.619" level="INFO">Clicking element 'id=com.example.myapplication:id/signIn'.</msg>
<status status="PASS" starttime="20220322 16:44:04.616" endtime="20220322 16:44:04.746"/>
</kw>
<kw name="Wait Until Page Contains Element" library="AppiumLibrary">
<arg>id=com.example.myapplication:id/textView</arg>
<doc>Waits until element specified with `locator` appears on current page.</doc>
<status status="PASS" starttime="20220322 16:44:04.746" endtime="20220322 16:44:05.869"/>
</kw>
<status status="PASS" starttime="20220322 16:43:40.557" endtime="20220322 16:44:05.870"/>
</kw>
<kw name="Go To Search Page" library="keywords">
<kw name="Wait Until Page Contains Element" library="AppiumLibrary">
<arg>id=com.example.myapplication:id/search_flight</arg>
<arg>60 seconds</arg>
<doc>Waits until element specified with `locator` appears on current page.</doc>
<status status="PASS" starttime="20220322 16:44:05.872" endtime="20220322 16:44:06.631"/>
</kw>
<kw name="Click Element" library="AppiumLibrary">
<arg>id=com.example.myapplication:id/search_flight</arg>
<doc>Click element identified by `locator`.</doc>
<msg timestamp="20220322 16:44:06.636" level="INFO">Clicking element 'id=com.example.myapplication:id/search_flight'.</msg>
<status status="PASS" starttime="20220322 16:44:06.632" endtime="20220322 16:44:06.791"/>
</kw>
<status status="PASS" starttime="20220322 16:44:05.871" endtime="20220322 16:44:06.792"/>
</kw>
<kw name="Input Wrong Flight Number" library="keywords">
<kw name="Wait Until Page Contains Element" library="AppiumLibrary">
<arg>id=com.example.myapplication:id/flight_number</arg>
<arg>60 seconds</arg>
<doc>Waits until element specified with `locator` appears on current page.</doc>
<status status="PASS" starttime="20220322 16:44:06.794" endtime="20220322 16:44:09.709"/>
</kw>
<kw name="Input Text" library="AppiumLibrary">
<arg>id=com.example.myapplication:id/flight_number</arg>
<arg>DA934</arg>
<doc>Types the given `text` into text field identified by `locator`.</doc>
<msg timestamp="20220322 16:44:09.718" level="INFO">Typing text 'DA934' into text field 'id=com.example.myapplication:id/flight_number'</msg>
<status status="PASS" starttime="20220322 16:44:09.710" endtime="20220322 16:44:10.388"/>
</kw>
<status status="PASS" starttime="20220322 16:44:06.793" endtime="20220322 16:44:10.389"/>
</kw>
<kw name="Tap Search" library="keywords">
<kw name="Wait Until Page Contains Element" library="AppiumLibrary">
<arg>id=com.example.myapplication:id/searchFlight</arg>
<arg>60 seconds</arg>
<doc>Waits until element specified with `locator` appears on current page.</doc>
<status status="PASS" starttime="20220322 16:44:10.391" endtime="20220322 16:44:10.940"/>
</kw>
<kw name="Click Element" library="AppiumLibrary">
<arg>id=com.example.myapplication:id/searchFlight</arg>
<doc>Click element identified by `locator`.</doc>
<msg timestamp="20220322 16:44:10.946" level="INFO">Clicking element 'id=com.example.myapplication:id/searchFlight'.</msg>
<status status="PASS" starttime="20220322 16:44:10.940" endtime="20220322 16:44:11.070"/>
</kw>
<status status="PASS" starttime="20220322 16:44:10.390" endtime="20220322 16:44:11.071"/>
</kw>
<kw name="Verify Search Flight Failed Message" library="keywords">
<kw name="Wait Until Page Contains" library="AppiumLibrary">
<arg>Please enter valid Flight Number</arg>
<arg>60 seconds</arg>
<doc>Waits until `text` appears on current page.</doc>
<status status="PASS" starttime="20220322 16:44:11.073" endtime="20220322 16:44:11.799"/>
</kw>
<status status="PASS" starttime="20220322 16:44:11.071" endtime="20220322 16:44:11.800"/>
</kw>
<kw name="Close Application" library="AppiumLibrary" type="TEARDOWN">
<doc>Closes the current application and also close webdriver session.</doc>
<status status="PASS" starttime="20220322 16:44:11.801" endtime="20220322 16:44:12.388"/>
</kw>
<status status="PASS" starttime="20220322 16:43:40.556" endtime="20220322 16:44:12.389"/>
</test>
<test id="s1-t5" name="6. User Success to Search Flight">
<kw name="User Success to Login" library="keywords" type="SETUP">
<kw name="Open Flight App Application" library="keywords">
<kw name="Open Application" library="AppiumLibrary">
<arg>${REMOTE_URL}</arg>
<arg>platformName=${PLATFORM_NAME}</arg>
<arg>platformVersion=${PLATFORM_VERSION}</arg>
<arg>deviceName=${DEVICE_NAME}</arg>
<arg>appPackage=${APP_PACKAGE}</arg>
<arg>appActivity=${APP_ACTIVITY}</arg>
<doc>Opens a new application to given Appium server.
Capabilities of appium server, Android and iOS,
Please check https://github.com/appium/appium/blob/master/docs/en/writing-running-appium/server-args.md
| *Option*            | *Man.* | *Description*     |
| remote_url          | Yes    | Appium server url |
| alias               | no     | alias             |</doc>
<status status="PASS" starttime="20220322 16:44:12.397" endtime="20220322 16:44:30.790"/>
</kw>
<status status="PASS" starttime="20220322 16:44:12.395" endtime="20220322 16:44:30.791"/>
</kw>
<kw name="Wait Until Page Contains Element" library="AppiumLibrary">
<arg>id=com.example.myapplication:id/login</arg>
<arg>60 seconds</arg>
<doc>Waits until element specified with `locator` appears on current page.</doc>
<status status="PASS" starttime="20220322 16:44:30.791" endtime="20220322 16:44:31.591"/>
</kw>
<kw name="Click Element" library="AppiumLibrary">
<arg>id=com.example.myapplication:id/login</arg>
<doc>Click element identified by `locator`.</doc>
<msg timestamp="20220322 16:44:31.597" level="INFO">Clicking element 'id=com.example.myapplication:id/login'.</msg>
<status status="PASS" starttime="20220322 16:44:31.592" endtime="20220322 16:44:31.791"/>
</kw>
<kw name="Wait Until Page Contains Element" library="AppiumLibrary">
<arg>id=com.example.myapplication:id/username</arg>
<arg>60 seconds</arg>
<doc>Waits until element specified with `locator` appears on current page.</doc>
<status status="PASS" starttime="20220322 16:44:31.791" endtime="20220322 16:44:34.333"/>
</kw>
<kw name="Input Text" library="AppiumLibrary">
<arg>id=com.example.myapplication:id/username</arg>
<arg>support@ngendigital.com</arg>
<doc>Types the given `text` into text field identified by `locator`.</doc>
<msg timestamp="20220322 16:44:34.339" level="INFO">Typing text 'support@ngendigital.com' into text field 'id=com.example.myapplication:id/username'</msg>
<status status="PASS" starttime="20220322 16:44:34.334" endtime="20220322 16:44:35.335"/>
</kw>
<kw name="Wait Until Page Contains Element" library="AppiumLibrary">
<arg>id=com.example.myapplication:id/password</arg>
<arg>60 seconds</arg>
<doc>Waits until element specified with `locator` appears on current page.</doc>
<status status="PASS" starttime="20220322 16:44:35.335" endtime="20220322 16:44:35.889"/>
</kw>
<kw name="Input Text" library="AppiumLibrary">
<arg>id=com.example.myapplication:id/password</arg>
<arg>abc123</arg>
<doc>Types the given `text` into text field identified by `locator`.</doc>
<msg timestamp="20220322 16:44:35.894" level="INFO">Typing text 'abc123' into text field 'id=com.example.myapplication:id/password'</msg>
<status status="PASS" starttime="20220322 16:44:35.889" endtime="20220322 16:44:36.042"/>
</kw>
<kw name="Wait Until Page Contains Element" library="AppiumLibrary">
<arg>id=com.example.myapplication:id/signIn</arg>
<arg>60 seconds</arg>
<doc>Waits until element specified with `locator` appears on current page.</doc>
<status status="PASS" starttime="20220322 16:44:36.042" endtime="20220322 16:44:36.581"/>
</kw>
<kw name="Click Element" library="AppiumLibrary">
<arg>id=com.example.myapplication:id/signIn</arg>
<doc>Click element identified by `locator`.</doc>
<msg timestamp="20220322 16:44:36.586" level="INFO">Clicking element 'id=com.example.myapplication:id/signIn'.</msg>
<status status="PASS" starttime="20220322 16:44:36.581" endtime="20220322 16:44:36.706"/>
</kw>
<kw name="Wait Until Page Contains Element" library="AppiumLibrary">
<arg>id=com.example.myapplication:id/textView</arg>
<doc>Waits until element specified with `locator` appears on current page.</doc>
<status status="PASS" starttime="20220322 16:44:36.706" endtime="20220322 16:44:37.867"/>
</kw>
<status status="PASS" starttime="20220322 16:44:12.394" endtime="20220322 16:44:37.868"/>
</kw>
<kw name="Go To Search Page" library="keywords">
<kw name="Wait Until Page Contains Element" library="AppiumLibrary">
<arg>id=com.example.myapplication:id/search_flight</arg>
<arg>60 seconds</arg>
<doc>Waits until element specified with `locator` appears on current page.</doc>
<status status="PASS" starttime="20220322 16:44:37.870" endtime="20220322 16:44:38.622"/>
</kw>
<kw name="Click Element" library="AppiumLibrary">
<arg>id=com.example.myapplication:id/search_flight</arg>
<doc>Click element identified by `locator`.</doc>
<msg timestamp="20220322 16:44:38.628" level="INFO">Clicking element 'id=com.example.myapplication:id/search_flight'.</msg>
<status status="PASS" starttime="20220322 16:44:38.623" endtime="20220322 16:44:38.808"/>
</kw>
<status status="PASS" starttime="20220322 16:44:37.869" endtime="20220322 16:44:38.809"/>
</kw>
<kw name="Input Valid Flight Number" library="keywords">
<kw name="Wait Until Page Contains Element" library="AppiumLibrary">
<arg>id=com.example.myapplication:id/flight_number</arg>
<arg>60 seconds</arg>
<doc>Waits until element specified with `locator` appears on current page.</doc>
<status status="PASS" starttime="20220322 16:44:38.811" endtime="20220322 16:44:41.705"/>
</kw>
<kw name="Input Text" library="AppiumLibrary">
<arg>id=com.example.myapplication:id/flight_number</arg>
<arg>DA935</arg>
<doc>Types the given `text` into text field identified by `locator`.</doc>
<msg timestamp="20220322 16:44:41.715" level="INFO">Typing text 'DA935' into text field 'id=com.example.myapplication:id/flight_number'</msg>
<status status="PASS" starttime="20220322 16:44:41.705" endtime="20220322 16:44:42.421"/>
</kw>
<status status="PASS" starttime="20220322 16:44:38.810" endtime="20220322 16:44:42.421"/>
</kw>
<kw name="Tap Search" library="keywords">
<kw name="Wait Until Page Contains Element" library="AppiumLibrary">
<arg>id=com.example.myapplication:id/searchFlight</arg>
<arg>60 seconds</arg>
<doc>Waits until element specified with `locator` appears on current page.</doc>
<status status="PASS" starttime="20220322 16:44:42.423" endtime="20220322 16:44:42.973"/>
</kw>
<kw name="Click Element" library="AppiumLibrary">
<arg>id=com.example.myapplication:id/searchFlight</arg>
<doc>Click element identified by `locator`.</doc>
<msg timestamp="20220322 16:44:42.978" level="INFO">Clicking element 'id=com.example.myapplication:id/searchFlight'.</msg>
<status status="PASS" starttime="20220322 16:44:42.973" endtime="20220322 16:44:43.094"/>
</kw>
<status status="PASS" starttime="20220322 16:44:42.422" endtime="20220322 16:44:43.094"/>
</kw>
<kw name="Verify Search Flight Success" library="keywords">
<kw name="Element Text Should Be" library="AppiumLibrary">
<arg>xpath=/hierarchy/android.widget.FrameLayout/android.widget.LinearLayout/android.widget.FrameLayout/android.widget.LinearLayout/android.widget.FrameLayout/android.view.ViewGroup/android.view.ViewGroup[1]/android.widget.TableLayout/android.widget.TableRow[2]/android.widget.TextView[1]</arg>
<arg>DA 935</arg>
<doc>Verifies element identified by ``locator`` exactly contains text ``expected``.</doc>
<msg timestamp="20220322 16:44:43.101" level="INFO">Verifying element 'xpath=/hierarchy/android.widget.FrameLayout/android.widget.LinearLayout/android.widget.FrameLayout/android.widget.LinearLayout/android.widget.FrameLayout/android.view.ViewGroup/android.view.ViewGroup[1]/android.widget.TableLayout/android.widget.TableRow[2]/android.widget.TextView[1]' contains exactly text 'DA 935'.</msg>
<status status="PASS" starttime="20220322 16:44:43.096" endtime="20220322 16:44:45.490"/>
</kw>
<status status="PASS" starttime="20220322 16:44:43.096" endtime="20220322 16:44:45.490"/>
</kw>
<kw name="Close Application" library="AppiumLibrary" type="TEARDOWN">
<doc>Closes the current application and also close webdriver session.</doc>
<status status="PASS" starttime="20220322 16:44:45.491" endtime="20220322 16:44:45.961"/>
</kw>
<status status="PASS" starttime="20220322 16:44:12.392" endtime="20220322 16:44:45.962"/>
</test>
<test id="s1-t6" name="1. Application Component should be loaded successfully">
<kw name="Open Flight App Application" library="keywords" type="SETUP">
<kw name="Open Application" library="AppiumLibrary">
<arg>${REMOTE_URL}</arg>
<arg>platformName=${PLATFORM_NAME}</arg>
<arg>platformVersion=${PLATFORM_VERSION}</arg>
<arg>deviceName=${DEVICE_NAME}</arg>
<arg>appPackage=${APP_PACKAGE}</arg>
<arg>appActivity=${APP_ACTIVITY}</arg>
<doc>Opens a new application to given Appium server.
Capabilities of appium server, Android and iOS,
Please check https://github.com/appium/appium/blob/master/docs/en/writing-running-appium/server-args.md
| *Option*            | *Man.* | *Description*     |
| remote_url          | Yes    | Appium server url |
| alias               | no     | alias             |</doc>
<status status="PASS" starttime="20220322 16:44:45.965" endtime="20220322 16:45:04.343"/>
</kw>
<status status="PASS" starttime="20220322 16:44:45.965" endtime="20220322 16:45:04.344"/>
</kw>
<kw name="Open Flight App Application" library="keywords">
<kw name="Open Application" library="AppiumLibrary">
<arg>${REMOTE_URL}</arg>
<arg>platformName=${PLATFORM_NAME}</arg>
<arg>platformVersion=${PLATFORM_VERSION}</arg>
<arg>deviceName=${DEVICE_NAME}</arg>
<arg>appPackage=${APP_PACKAGE}</arg>
<arg>appActivity=${APP_ACTIVITY}</arg>
<doc>Opens a new application to given Appium server.
Capabilities of appium server, Android and iOS,
Please check https://github.com/appium/appium/blob/master/docs/en/writing-running-appium/server-args.md
| *Option*            | *Man.* | *Description*     |
| remote_url          | Yes    | Appium server url |
| alias               | no     | alias             |</doc>
<status status="PASS" starttime="20220322 16:45:04.346" endtime="20220322 16:45:24.911"/>
</kw>
<status status="PASS" starttime="20220322 16:45:04.345" endtime="20220322 16:45:24.912"/>
</kw>
<kw name="Verify App component is shown" library="keywords">
<kw name="Page Should Contain Element" library="AppiumLibrary">
<arg>id=com.example.myapplication:id/imageView4</arg>
<doc>Verifies that current page contains `locator` element.</doc>
<msg timestamp="20220322 16:45:25.724" level="INFO">Current page contains element 'id=com.example.myapplication:id/imageView4'.</msg>
<status status="PASS" starttime="20220322 16:45:24.914" endtime="20220322 16:45:25.724"/>
</kw>
<kw name="Page Should Contain Element" library="AppiumLibrary">
<arg>id=com.example.myapplication:id/login</arg>
<doc>Verifies that current page contains `locator` element.</doc>
<msg timestamp="20220322 16:45:25.866" level="INFO">Current page contains element 'id=com.example.myapplication:id/login'.</msg>
<status status="PASS" starttime="20220322 16:45:25.725" endtime="20220322 16:45:25.866"/>
</kw>
<kw name="Page Should Contain Element" library="AppiumLibrary">
<arg>id=com.example.myapplication:id/button5</arg>
<doc>Verifies that current page contains `locator` element.</doc>
<msg timestamp="20220322 16:45:25.993" level="INFO">Current page contains element 'id=com.example.myapplication:id/button5'.</msg>
<status status="PASS" starttime="20220322 16:45:25.866" endtime="20220322 16:45:25.994"/>
</kw>
<kw name="Page Should Contain Element" library="AppiumLibrary">
<arg>xpath=/hierarchy/android.widget.FrameLayout/android.widget.LinearLayout/android.widget.FrameLayout/android.widget.LinearLayout/android.widget.FrameLayout/android.view.ViewGroup/android.widget.Button[3]</arg>
<doc>Verifies that current page contains `locator` element.</doc>
<msg timestamp="20220322 16:45:27.735" level="INFO">Current page contains element 'xpath=/hierarchy/android.widget.FrameLayout/android.widget.LinearLayout/android.widget.FrameLayout/android.widget.LinearLayout/android.widget.FrameLayout/android.view.ViewGroup/android.widget.Button[3]'.</msg>
<status status="PASS" starttime="20220322 16:45:25.994" endtime="20220322 16:45:27.735"/>
</kw>
<kw name="Page Should Contain Element" library="AppiumLibrary">
<arg>xpath=/hierarchy/android.widget.FrameLayout/android.widget.LinearLayout/android.widget.FrameLayout/android.widget.LinearLayout/android.widget.FrameLayout/android.view.ViewGroup/android.widget.Button[4]</arg>
<doc>Verifies that current page contains `locator` element.</doc>
<msg timestamp="20220322 16:45:28.015" level="INFO">Current page contains element 'xpath=/hierarchy/android.widget.FrameLayout/android.widget.LinearLayout/android.widget.FrameLayout/android.widget.LinearLayout/android.widget.FrameLayout/android.view.ViewGroup/android.widget.Button[4]'.</msg>
<status status="PASS" starttime="20220322 16:45:27.736" endtime="20220322 16:45:28.016"/>
</kw>
<kw name="Page Should Contain Element" library="AppiumLibrary">
<arg>id=com.example.myapplication:id/imageView</arg>
<doc>Verifies that current page contains `locator` element.</doc>
<msg timestamp="20220322 16:45:28.105" level="INFO">Current page contains element 'id=com.example.myapplication:id/imageView'.</msg>
<status status="PASS" starttime="20220322 16:45:28.016" endtime="20220322 16:45:28.105"/>
</kw>
<kw name="Page Should Contain Element" library="AppiumLibrary">
<arg>id=com.example.myapplication:id/textView4</arg>
<doc>Verifies that current page contains `locator` element.</doc>
<msg timestamp="20220322 16:45:28.182" level="INFO">Current page contains element 'id=com.example.myapplication:id/textView4'.</msg>
<status status="PASS" starttime="20220322 16:45:28.105" endtime="20220322 16:45:28.182"/>
</kw>
<status status="PASS" starttime="20220322 16:45:24.913" endtime="20220322 16:45:28.182"/>
</kw>
<kw name="Close Application" library="AppiumLibrary" type="TEARDOWN">
<doc>Closes the current application and also close webdriver session.</doc>
<status status="PASS" starttime="20220322 16:45:28.183" endtime="20220322 16:45:28.612"/>
</kw>
<status status="PASS" starttime="20220322 16:44:45.963" endtime="20220322 16:45:28.613"/>
</test>
<doc>FlightApp Test Cases</doc>
<status status="PASS" starttime="20220322 16:41:11.297" endtime="20220322 16:45:28.615"/>
</suite>
<statistics>
<total>
<stat pass="6" fail="0" skip="0">All Tests</stat>
</total>
<tag>
</tag>
<suite>
<stat pass="6" fail="0" skip="0" id="s1" name="Test">Test</stat>
</suite>
</statistics>
<errors>
</errors>
</robot>
